==71178== Memcheck, a memory error detector
==71178== Copyright (C) 2002-2024, and GNU GPL'd, by Julian Seward et al.
==71178== Using Valgrind-3.25.1-4441567fbe-20250520 and LibVEX; rerun with -h for copyright info
==71178== Command: timeout 10s ./minishell
==71178== Parent PID: 71000
==71178== 
--71178-- 
--71178-- Valgrind options:
--71178--    --tool=memcheck
--71178--    --leak-check=full
--71178--    --show-leak-kinds=all
--71178--    --track-origins=yes
--71178--    --verbose
--71178--    --log-file=valgrind_output.log
--71178-- Contents of /proc/version:
--71178--   Linux version 6.15.7-100.fc41.x86_64 (mockbuild@cd4ea0a8d5f6475ea2ff70b110e1c74d) (gcc (GCC) 14.3.1 20250523 (Red Hat 14.3.1-1), GNU ld version 2.43.1-5.fc41) #1 SMP PREEMPT_DYNAMIC Thu Jul 17 16:56:15 UTC 2025
--71178-- 
--71178-- Arch and hwcaps: AMD64, LittleEndian, amd64-cx16-lzcnt-rdtscp-sse3-ssse3-avx-avx2-bmi-f16c-rdrand-rdseed-fma
--71178-- Page sizes: currently 4096, max supported 4096
--71178-- Valgrind library directory: /usr/libexec/valgrind
--71178-- Reading syms from /usr/bin/timeout
--71178-- Reading syms from /usr/lib64/ld-linux-x86-64.so.2
--71178-- Warning: cross-CU LIMITATION: some inlined fn names
--71178-- might be shown as UnknownInlinedFun
--71178-- Reading syms from /usr/libexec/valgrind/memcheck-amd64-linux
--71178--    object doesn't have a dynamic symbol table
--71178-- Scheduler: using generic scheduler lock implementation.
--71178-- Reading suppressions file: /usr/libexec/valgrind/default.supp
==71178== embedded gdbserver: reading from /tmp/vgdb-pipe-from-vgdb-to-71178-by-kiefer-on-desktop-5kn91go.home
==71178== embedded gdbserver: writing to   /tmp/vgdb-pipe-to-vgdb-from-71178-by-kiefer-on-desktop-5kn91go.home
==71178== embedded gdbserver: shared mem   /tmp/vgdb-pipe-shared-mem-vgdb-71178-by-kiefer-on-desktop-5kn91go.home
==71178== 
==71178== TO CONTROL THIS PROCESS USING vgdb (which you probably
==71178== don't want to do, unless you know exactly what you're doing,
==71178== or are doing some strange experiment):
==71178==   /usr/libexec/valgrind/../../bin/vgdb --pid=71178 ...command...
==71178== 
==71178== TO DEBUG THIS PROCESS USING GDB: start GDB like this
==71178==   /path/to/gdb timeout
==71178== and then give GDB the following command
==71178==   target remote | /usr/libexec/valgrind/../../bin/vgdb --pid=71178
==71178== --pid is optional if only one valgrind process is running
==71178== 
==71178== Downloading debug info for /usr/libexec/valgrind/memcheck-amd64-linux...
--71178--   Considering /home/kiefer/.cache/debuginfod_client/9ab5aeea7f89a025bb34d01c42449dc692996f61/debuginfo ..
--71178--   .. CRC is valid
==71178== Successfully downloaded debug file for /usr/libexec/valgrind/memcheck-amd64-linux
==71178== Downloading debug info for /home/kiefer/.cache/debuginfod_client/9ab5aeea7f89a025bb34d01c42449dc692996f61/debuginfo...
--71178--   Considering /home/kiefer/.cache/debuginfod_client/7eb32a56150be12c16d214a711baac7f564521fc/debuginfo ..
--71178--   .. build-id is valid
==71178== Successfully downloaded debug file for /home/kiefer/.cache/debuginfod_client/9ab5aeea7f89a025bb34d01c42449dc692996f61/debuginfo
--71178-- REDIR: 0x4032020 (ld-linux-x86-64.so.2:strlen) redirected to 0x582360cf (vgPlain_amd64_linux_REDIR_FOR_strlen)
--71178-- REDIR: 0x40309c0 (ld-linux-x86-64.so.2:strcmp) redirected to 0x582360e9 (vgPlain_amd64_linux_REDIR_FOR_strcmp)
--71178-- REDIR: 0x4030790 (ld-linux-x86-64.so.2:index) redirected to 0x58236122 (vgPlain_amd64_linux_REDIR_FOR_index)
--71178-- REDIR: 0x402fb20 (ld-linux-x86-64.so.2:bcmp) redirected to 0x58236104 (vgPlain_amd64_linux_REDIR_FOR_memcmp)
--71178-- Reading syms from /usr/libexec/valgrind/vgpreload_core-amd64-linux.so
--71178-- Reading syms from /usr/libexec/valgrind/vgpreload_memcheck-amd64-linux.so
==71178== WARNING: new redirection conflicts with existing -- ignoring it
--71178--     old: 0x040309c0 (strcmp              ) R-> (0000.0) 0x582360e9 vgPlain_amd64_linux_REDIR_FOR_strcmp
--71178--     new: 0x040309c0 (strcmp              ) R-> (2016.0) 0x04857550 strcmp
==71178== WARNING: new redirection conflicts with existing -- ignoring it
--71178--     old: 0x04032020 (strlen              ) R-> (0000.0) 0x582360cf vgPlain_amd64_linux_REDIR_FOR_strlen
--71178--     new: 0x04032020 (strlen              ) R-> (2007.0) 0x04856200 strlen
--71178-- REDIR: 0x402fdf0 (ld-linux-x86-64.so.2:mempcpy) redirected to 0x485bca0 (mempcpy)
--71178-- Reading syms from /usr/lib64/libc.so.6
==71178== Downloading debug info for /usr/lib64/libc.so.6...
--71178--   Considering /home/kiefer/.cache/debuginfod_client/1fe4f71c184938b1af3656d8b8cdb4928ab12394/debuginfo ..
--71178--   .. CRC is valid
==71178== Successfully downloaded debug file for /usr/lib64/libc.so.6
--71178-- REDIR: 0x40321c0 (ld-linux-x86-64.so.2:strncmp) redirected to 0x4856d00 (strncmp)
--71178-- REDIR: 0x4906ad0 (libc.so.6:strnlen) redirected to 0x48451ea (_vgnU_ifunc_wrapper)
--71178-- REDIR: 0x4906b60 (libc.so.6:strpbrk) redirected to 0x48451ea (_vgnU_ifunc_wrapper)
--71178-- REDIR: 0x4904ad0 (libc.so.6:strcmp) redirected to 0x48451ea (_vgnU_ifunc_wrapper)
--71178-- REDIR: 0x491bea0 (libc.so.6:wcsnlen) redirected to 0x48451ea (_vgnU_ifunc_wrapper)
--71178-- REDIR: 0x4903ad0 (libc.so.6:memset) redirected to 0x48451ea (_vgnU_ifunc_wrapper)
--71178-- REDIR: 0x491b590 (libc.so.6:wcslen) redirected to 0x48451ea (_vgnU_ifunc_wrapper)
--71178-- REDIR: 0x497f2d0 (libc.so.6:__memcpy_chk) redirected to 0x48451ea (_vgnU_ifunc_wrapper)
--71178-- REDIR: 0x4903a40 (libc.so.6:memrchr) redirected to 0x48451ea (_vgnU_ifunc_wrapper)
--71178-- REDIR: 0x491be40 (libc.so.6:wcsncpy) redirected to 0x48451ea (_vgnU_ifunc_wrapper)
--71178-- REDIR: 0x4902f60 (libc.so.6:memcpy@@GLIBC_2.14) redirected to 0x48451ea (_vgnU_ifunc_wrapper)
--71178-- REDIR: 0x491a370 (libc.so.6:wcschr) redirected to 0x48451ea (_vgnU_ifunc_wrapper)
--71178-- REDIR: 0x49049c0 (libc.so.6:index) redirected to 0x48451ea (_vgnU_ifunc_wrapper)
--71178-- REDIR: 0x4906b90 (libc.so.6:rindex) redirected to 0x48451ea (_vgnU_ifunc_wrapper)
--71178-- REDIR: 0x491a420 (libc.so.6:wcscmp) redirected to 0x48451ea (_vgnU_ifunc_wrapper)
--71178-- REDIR: 0x4903cf0 (libc.so.6:stpncpy) redirected to 0x48451ea (_vgnU_ifunc_wrapper)
--71178-- REDIR: 0x4928160 (libc.so.6:wmemchr) redirected to 0x48451ea (_vgnU_ifunc_wrapper)
--71178-- REDIR: 0x4906970 (libc.so.6:strncmp) redirected to 0x48451ea (_vgnU_ifunc_wrapper)
--71178-- REDIR: 0x4903d50 (libc.so.6:strcasecmp) redirected to 0x48451ea (_vgnU_ifunc_wrapper)
--71178-- REDIR: 0x4905d50 (libc.so.6:strcspn) redirected to 0x48451ea (_vgnU_ifunc_wrapper)
--71178-- REDIR: 0x491b360 (libc.so.6:wcscpy) redirected to 0x48451ea (_vgnU_ifunc_wrapper)
--71178-- REDIR: 0x4904950 (libc.so.6:strcat) redirected to 0x48451ea (_vgnU_ifunc_wrapper)
--71178-- REDIR: 0x4906870 (libc.so.6:strncasecmp_l) redirected to 0x48451ea (_vgnU_ifunc_wrapper)
--71178-- REDIR: 0x4904a40 (libc.so.6:strchrnul) redirected to 0x48451ea (_vgnU_ifunc_wrapper)
--71178-- REDIR: 0x4902e70 (libc.so.6:bcmp) redirected to 0x48451ea (_vgnU_ifunc_wrapper)
--71178-- REDIR: 0x4905ce0 (libc.so.6:strcpy) redirected to 0x48451ea (_vgnU_ifunc_wrapper)
--71178-- REDIR: 0x4903df0 (libc.so.6:strcasecmp_l) redirected to 0x48451ea (_vgnU_ifunc_wrapper)
--71178-- REDIR: 0x4906740 (libc.so.6:strlen) redirected to 0x48451ea (_vgnU_ifunc_wrapper)
--71178-- REDIR: 0x4906a10 (libc.so.6:strncpy) redirected to 0x48451ea (_vgnU_ifunc_wrapper)
--71178-- REDIR: 0x49281e0 (libc.so.6:wmemcmp) redirected to 0x48451ea (_vgnU_ifunc_wrapper)
--71178-- REDIR: 0x497f3f0 (libc.so.6:__memmove_chk) redirected to 0x48451ea (_vgnU_ifunc_wrapper)
==71178== WARNING: new redirection conflicts with existing -- ignoring it
--71178--     old: 0x049c5150 (__memcpy_chk_avx_una) R-> (2030.0) 0x0485bdb0 __memcpy_chk
--71178--     new: 0x049c5150 (__memcpy_chk_avx_una) R-> (2024.0) 0x0485b6b0 __memmove_chk
--71178-- REDIR: 0x4903c80 (libc.so.6:stpcpy) redirected to 0x48451ea (_vgnU_ifunc_wrapper)
--71178-- REDIR: 0x4903800 (libc.so.6:memmove) redirected to 0x48451ea (_vgnU_ifunc_wrapper)
==71178== Preferring higher priority redirection:
--71178--     old: 0x049c5180 (__memcpy_avx_unalign) R-> (2018.0) 0x04858c20 __memcpy_avx_unaligned_erms
--71178--     new: 0x049c5180 (__memcpy_avx_unalign) R-> (2018.1) 0x0485a9b0 memmove
--71178-- REDIR: 0x4902df0 (libc.so.6:memchr) redirected to 0x48451ea (_vgnU_ifunc_wrapper)
--71178-- REDIR: 0x4906d90 (libc.so.6:strspn) redirected to 0x48451ea (_vgnU_ifunc_wrapper)
--71178-- REDIR: 0x4919fa0 (libc.so.6:wcpncpy) redirected to 0x48451ea (_vgnU_ifunc_wrapper)
--71178-- REDIR: 0x4903920 (libc.so.6:mempcpy) redirected to 0x48451ea (_vgnU_ifunc_wrapper)
--71178-- REDIR: 0x49067d0 (libc.so.6:strncasecmp) redirected to 0x48451ea (_vgnU_ifunc_wrapper)
--71178-- REDIR: 0x49c9db0 (libc.so.6:__strrchr_avx2) redirected to 0x48559e0 (rindex)
--71178-- REDIR: 0x49c7750 (libc.so.6:__strcmp_avx2) redirected to 0x48573d0 (strcmp)
--71178-- REDIR: 0x49c7f00 (libc.so.6:__strlen_avx2) redirected to 0x48560e0 (strlen)
--71178-- REDIR: 0x49c8fe0 (libc.so.6:__strncmp_avx2) redirected to 0x4856b20 (strncmp)
--71178-- REDIR: 0x49c7320 (libc.so.6:__strchr_avx2) redirected to 0x4855c20 (index)
--71178-- REDIR: 0x49c4780 (libc.so.6:__memchr_avx2) redirected to 0x4857610 (memchr)
--71178-- REDIR: 0x49c7560 (libc.so.6:__strchrnul_avx2) redirected to 0x485b730 (strchrnul)
--71178-- REDIR: 0x48fef50 (libc.so.6:malloc) redirected to 0x484c7f0 (malloc)
==71178== Downloading debug info for /usr/bin/timeout...
--71178--   Considering /home/kiefer/.cache/debuginfod_client/5e420182b34328f111cbfcd1fcb70915ba33dd9f/debuginfo ..
--71178--   .. CRC is valid
==71178== Successfully downloaded debug file for /usr/bin/timeout
==71178== Downloading debug info for /home/kiefer/.cache/debuginfod_client/5e420182b34328f111cbfcd1fcb70915ba33dd9f/debuginfo...
--71178--   Considering /home/kiefer/.cache/debuginfod_client/d2339c1c16539d48d65b2cf62b78c3ddc4db8ed3/debuginfo ..
--71178--   .. build-id is valid
==71178== Successfully downloaded debug file for /home/kiefer/.cache/debuginfod_client/5e420182b34328f111cbfcd1fcb70915ba33dd9f/debuginfo
--71178-- REDIR: 0x49c5140 (libc.so.6:__mempcpy_avx_unaligned_erms) redirected to 0x485b860 (mempcpy)
--71178-- REDIR: 0x49c5180 (libc.so.6:__memcpy_avx_unaligned_erms) redirected to 0x485a9b0 (memmove)
--71178-- REDIR: 0x48ff650 (libc.so.6:free) redirected to 0x484fb11 (free)
--71178-- REDIR: 0x49c5150 (libc.so.6:__memcpy_chk_avx_unaligned_erms) redirected to 0x485bdb0 (__memcpy_chk)
--71178-- REDIR: 0x49c5e90 (libc.so.6:__stpcpy_avx2) redirected to 0x485a0e0 (stpcpy)
--71178-- REDIR: 0x48ff8c0 (libc.so.6:realloc) redirected to 0x48542c3 (realloc)
--71178-- REDIR: 0x49c6610 (libc.so.6:__strcasecmp_l_avx2) redirected to 0x4856fe0 (strcasecmp_l)
--71178-- REDIR: 0x49c9ae0 (libc.so.6:__strnlen_avx2) redirected to 0x4856080 (strnlen)
--71178-- REDIR: 0x49c4a20 (libc.so.6:__memcmp_avx2_movbe) redirected to 0x4859fa0 (bcmp)
--71178-- REDIR: 0x49e48c0 (libc.so.6:__strcspn_sse42) redirected to 0x485c050 (strcspn)
--71178-- REDIR: 0x49c7cb0 (libc.so.6:__strcpy_avx2) redirected to 0x4856230 (strcpy)
==71178== 
==71178== Process terminating with default action of signal 11 (SIGSEGV): dumping core
==71178==    at 0x48F07D4: __pthread_kill_implementation (pthread_kill.c:44)
==71178==    by 0x48973DD: raise (raise.c:26)
==71178==    by 0x40020AF: main (timeout.c:607)
==71178== 
==71178== HEAP SUMMARY:
==71178==     in use at exit: 9,058 bytes in 55 blocks
==71178==   total heap usage: 77 allocs, 22 frees, 15,323 bytes allocated
==71178== 
==71178== Searching for pointers to 55 not-freed blocks
==71178== Checked 94,480 bytes
==71178== 
==71178== 6 bytes in 1 blocks are still reachable in loss record 1 of 26
==71178==    at 0x484C866: malloc (vg_replace_malloc.c:446)
==71178==    by 0x4905D9E: strdup (strdup.c:42)
==71178==    by 0x48906CD: _nl_find_msg (dcigettext.c:1057)
==71178==    by 0x48913B5: __dcigettext (dcigettext.c:723)
==71178==    by 0x400215D: main (timeout.c:601)
==71178== 
==71178== 10 bytes in 1 blocks are still reachable in loss record 2 of 26
==71178==    at 0x484C866: malloc (vg_replace_malloc.c:446)
==71178==    by 0x4905D9E: strdup (strdup.c:42)
==71178==    by 0x4893A87: __textdomain (textdomain.c:94)
==71178==    by 0x4893A87: textdomain (textdomain.c:64)
==71178==    by 0x4001916: main (timeout.c:476)
==71178== 
==71178== 12 bytes in 1 blocks are still reachable in loss record 3 of 26
==71178==    at 0x484C866: malloc (vg_replace_malloc.c:446)
==71178==    by 0x4905D9E: strdup (strdup.c:42)
==71178==    by 0x488C92E: _nl_load_locale_from_archive (loadarchive.c:464)
==71178==    by 0x488BE18: _nl_find_locale (findlocale.c:152)
==71178==    by 0x488EC2B: setlocale (setlocale.c:337)
==71178==    by 0x40018FF: main (timeout.c:474)
==71178== 
==71178== 12 bytes in 1 blocks are still reachable in loss record 4 of 26
==71178==    at 0x484C866: malloc (vg_replace_malloc.c:446)
==71178==    by 0x488E7FB: new_composite_name (setlocale.c:165)
==71178==    by 0x488E97C: setlocale (setlocale.c:375)
==71178==    by 0x40018FF: main (timeout.c:474)
==71178== 
==71178== 24 bytes in 1 blocks are still reachable in loss record 5 of 26
==71178==    at 0x484C866: malloc (vg_replace_malloc.c:446)
==71178==    by 0x4890BF3: _nl_find_msg (dcigettext.c:1043)
==71178==    by 0x48913B5: __dcigettext (dcigettext.c:723)
==71178==    by 0x400215D: main (timeout.c:601)
==71178== 
==71178== 24 bytes in 1 blocks are still reachable in loss record 6 of 26
==71178==    at 0x484C866: malloc (vg_replace_malloc.c:446)
==71178==    by 0x4971689: __tsearch (tsearch.c:337)
==71178==    by 0x4971689: tsearch (tsearch.c:290)
==71178==    by 0x4891575: __dcigettext (dcigettext.c:798)
==71178==    by 0x400215D: main (timeout.c:601)
==71178== 
==71178== 32 bytes in 1 blocks are still reachable in loss record 7 of 26
==71178==    at 0x484C866: malloc (vg_replace_malloc.c:446)
==71178==    by 0x4894DD7: new_exp (plural.c:253)
==71178==    by 0x4894DD7: new_exp_0 (plural.c:273)
==71178==    by 0x4894DD7: __gettextparse (plural.c:1333)
==71178==    by 0x4895228: __gettext_extract_plural (plural-exp.c:138)
==71178==    by 0x4891DEC: _nl_load_domain (loadmsgcat.c:1272)
==71178==    by 0x4891976: _nl_find_domain (finddomain.c:166)
==71178==    by 0x4891255: __dcigettext (dcigettext.c:703)
==71178==    by 0x400215D: main (timeout.c:601)
==71178== 
==71178== 32 bytes in 1 blocks are still reachable in loss record 8 of 26
==71178==    at 0x484C866: malloc (vg_replace_malloc.c:446)
==71178==    by 0x4894E27: new_exp (plural.c:253)
==71178==    by 0x4894E27: new_exp_0 (plural.c:273)
==71178==    by 0x4894E27: __gettextparse (plural.c:1339)
==71178==    by 0x4895228: __gettext_extract_plural (plural-exp.c:138)
==71178==    by 0x4891DEC: _nl_load_domain (loadmsgcat.c:1272)
==71178==    by 0x4891976: _nl_find_domain (finddomain.c:166)
==71178==    by 0x4891255: __dcigettext (dcigettext.c:703)
==71178==    by 0x400215D: main (timeout.c:601)
==71178== 
==71178== 32 bytes in 1 blocks are still reachable in loss record 9 of 26
==71178==    at 0x484C866: malloc (vg_replace_malloc.c:446)
==71178==    by 0x4894A6A: new_exp (plural.c:253)
==71178==    by 0x4894A6A: new_exp_2 (plural.c:293)
==71178==    by 0x4894A6A: __gettextparse (plural.c:1309)
==71178==    by 0x4895228: __gettext_extract_plural (plural-exp.c:138)
==71178==    by 0x4891DEC: _nl_load_domain (loadmsgcat.c:1272)
==71178==    by 0x4891976: _nl_find_domain (finddomain.c:166)
==71178==    by 0x4891255: __dcigettext (dcigettext.c:703)
==71178==    by 0x400215D: main (timeout.c:601)
==71178== 
==71178== 34 bytes in 1 blocks are still reachable in loss record 10 of 26
==71178==    at 0x484C866: malloc (vg_replace_malloc.c:446)
==71178==    by 0x488FC42: set_binding_values.part.0 (bindtextdom.c:203)
==71178==    by 0x488FF1A: set_binding_values (bindtextdom.c:322)
==71178==    by 0x488FF1A: bindtextdomain (bindtextdom.c:320)
==71178==    by 0x400190E: main (timeout.c:475)
==71178== 
==71178== 46 bytes in 1 blocks are still reachable in loss record 11 of 26
==71178==    at 0x484C866: malloc (vg_replace_malloc.c:446)
==71178==    by 0x4893B8F: _nl_make_l10nflist (l10nflist.c:166)
==71178==    by 0x4893F23: _nl_make_l10nflist (l10nflist.c:285)
==71178==    by 0x4893F23: _nl_make_l10nflist (l10nflist.c:285)
==71178==    by 0x4893F23: _nl_make_l10nflist (l10nflist.c:285)
==71178==    by 0x48918EE: _nl_find_domain (finddomain.c:147)
==71178==    by 0x4891255: __dcigettext (dcigettext.c:703)
==71178==    by 0x400215D: main (timeout.c:601)
==71178== 
==71178== 48 bytes in 1 blocks are still reachable in loss record 12 of 26
==71178==    at 0x484C866: malloc (vg_replace_malloc.c:446)
==71178==    by 0x4893D21: _nl_make_l10nflist (l10nflist.c:242)
==71178==    by 0x4893F23: _nl_make_l10nflist (l10nflist.c:285)
==71178==    by 0x4893F23: _nl_make_l10nflist (l10nflist.c:285)
==71178==    by 0x4893F23: _nl_make_l10nflist (l10nflist.c:285)
==71178==    by 0x48918EE: _nl_find_domain (finddomain.c:147)
==71178==    by 0x4891255: __dcigettext (dcigettext.c:703)
==71178==    by 0x400215D: main (timeout.c:601)
==71178== 
==71178== 60 bytes in 1 blocks are still reachable in loss record 13 of 26
==71178==    at 0x484C866: malloc (vg_replace_malloc.c:446)
==71178==    by 0x4893B8F: _nl_make_l10nflist (l10nflist.c:166)
==71178==    by 0x48918EE: _nl_find_domain (finddomain.c:147)
==71178==    by 0x4891255: __dcigettext (dcigettext.c:703)
==71178==    by 0x400215D: main (timeout.c:601)
==71178== 
==71178== 104 bytes in 1 blocks are still reachable in loss record 14 of 26
==71178==    at 0x484C866: malloc (vg_replace_malloc.c:446)
==71178==    by 0x4893D21: _nl_make_l10nflist (l10nflist.c:242)
==71178==    by 0x48918EE: _nl_find_domain (finddomain.c:147)
==71178==    by 0x4891255: __dcigettext (dcigettext.c:703)
==71178==    by 0x400215D: main (timeout.c:601)
==71178== 
==71178== 112 bytes in 1 blocks are still reachable in loss record 15 of 26
==71178==    at 0x484C866: malloc (vg_replace_malloc.c:446)
==71178==    by 0x4891492: __dcigettext (dcigettext.c:765)
==71178==    by 0x400215D: main (timeout.c:601)
==71178== 
==71178== 120 bytes in 1 blocks are still reachable in loss record 16 of 26
==71178==    at 0x484C866: malloc (vg_replace_malloc.c:446)
==71178==    by 0x488C913: _nl_load_locale_from_archive (loadarchive.c:460)
==71178==    by 0x488BE18: _nl_find_locale (findlocale.c:152)
==71178==    by 0x488EC2B: setlocale (setlocale.c:337)
==71178==    by 0x40018FF: main (timeout.c:474)
==71178== 
==71178== 144 bytes in 12 blocks are still reachable in loss record 17 of 26
==71178==    at 0x484C866: malloc (vg_replace_malloc.c:446)
==71178==    by 0x4905D9E: strdup (strdup.c:42)
==71178==    by 0x488ED0C: setlocale (setlocale.c:366)
==71178==    by 0x40018FF: main (timeout.c:474)
==71178== 
==71178== 152 bytes in 3 blocks are still reachable in loss record 18 of 26
==71178==    at 0x484C866: malloc (vg_replace_malloc.c:446)
==71178==    by 0x4893B8F: _nl_make_l10nflist (l10nflist.c:166)
==71178==    by 0x4893F23: _nl_make_l10nflist (l10nflist.c:285)
==71178==    by 0x4893F23: _nl_make_l10nflist (l10nflist.c:285)
==71178==    by 0x48918EE: _nl_find_domain (finddomain.c:147)
==71178==    by 0x4891255: __dcigettext (dcigettext.c:703)
==71178==    by 0x400215D: main (timeout.c:601)
==71178== 
==71178== 166 bytes in 3 blocks are still reachable in loss record 19 of 26
==71178==    at 0x484C866: malloc (vg_replace_malloc.c:446)
==71178==    by 0x4893B8F: _nl_make_l10nflist (l10nflist.c:166)
==71178==    by 0x4893F23: _nl_make_l10nflist (l10nflist.c:285)
==71178==    by 0x48918EE: _nl_find_domain (finddomain.c:147)
==71178==    by 0x4891255: __dcigettext (dcigettext.c:703)
==71178==    by 0x400215D: main (timeout.c:601)
==71178== 
==71178== 168 bytes in 3 blocks are still reachable in loss record 20 of 26
==71178==    at 0x484C866: malloc (vg_replace_malloc.c:446)
==71178==    by 0x4893D21: _nl_make_l10nflist (l10nflist.c:242)
==71178==    by 0x4893F23: _nl_make_l10nflist (l10nflist.c:285)
==71178==    by 0x4893F23: _nl_make_l10nflist (l10nflist.c:285)
==71178==    by 0x48918EE: _nl_find_domain (finddomain.c:147)
==71178==    by 0x4891255: __dcigettext (dcigettext.c:703)
==71178==    by 0x400215D: main (timeout.c:601)
==71178== 
==71178== 200 bytes in 1 blocks are still reachable in loss record 21 of 26
==71178==    at 0x484C866: malloc (vg_replace_malloc.c:446)
==71178==    by 0x4891B35: _nl_load_domain (loadmsgcat.c:881)
==71178==    by 0x4891976: _nl_find_domain (finddomain.c:166)
==71178==    by 0x4891255: __dcigettext (dcigettext.c:703)
==71178==    by 0x400215D: main (timeout.c:601)
==71178== 
==71178== 216 bytes in 3 blocks are still reachable in loss record 22 of 26
==71178==    at 0x484C866: malloc (vg_replace_malloc.c:446)
==71178==    by 0x4893D21: _nl_make_l10nflist (l10nflist.c:242)
==71178==    by 0x4893F23: _nl_make_l10nflist (l10nflist.c:285)
==71178==    by 0x48918EE: _nl_find_domain (finddomain.c:147)
==71178==    by 0x4891255: __dcigettext (dcigettext.c:703)
==71178==    by 0x400215D: main (timeout.c:601)
==71178== 
==71178== 792 bytes in 1 blocks are still reachable in loss record 23 of 26
==71178==    at 0x484C866: malloc (vg_replace_malloc.c:446)
==71178==    by 0x488CEEF: _nl_intern_locale_data (loadlocale.c:156)
==71178==    by 0x488C982: _nl_load_locale_from_archive (loadarchive.c:477)
==71178==    by 0x488BE18: _nl_find_locale (findlocale.c:152)
==71178==    by 0x488EC2B: setlocale (setlocale.c:337)
==71178==    by 0x40018FF: main (timeout.c:474)
==71178== 
==71178== 1,600 bytes in 1 blocks are still reachable in loss record 24 of 26
==71178==    at 0x4854347: realloc (vg_replace_malloc.c:1801)
==71178==    by 0x4893734: extend_alias_table (localealias.c:397)
==71178==    by 0x4893734: read_alias_file (localealias.c:309)
==71178==    by 0x4893951: _nl_expand_alias (localealias.c:194)
==71178==    by 0x4891847: _nl_find_domain (finddomain.c:123)
==71178==    by 0x4891255: __dcigettext (dcigettext.c:703)
==71178==    by 0x400215D: main (timeout.c:601)
==71178== 
==71178== 2,048 bytes in 1 blocks are still reachable in loss record 25 of 26
==71178==    at 0x4854347: realloc (vg_replace_malloc.c:1801)
==71178==    by 0x4893622: read_alias_file (localealias.c:329)
==71178==    by 0x4893951: _nl_expand_alias (localealias.c:194)
==71178==    by 0x4891847: _nl_find_domain (finddomain.c:123)
==71178==    by 0x4891255: __dcigettext (dcigettext.c:703)
==71178==    by 0x400215D: main (timeout.c:601)
==71178== 
==71178== 2,864 bytes in 11 blocks are still reachable in loss record 26 of 26
==71178==    at 0x484C866: malloc (vg_replace_malloc.c:446)
==71178==    by 0x488CDF2: _nl_intern_locale_data (loadlocale.c:156)
==71178==    by 0x488C982: _nl_load_locale_from_archive (loadarchive.c:477)
==71178==    by 0x488BE18: _nl_find_locale (findlocale.c:152)
==71178==    by 0x488EC2B: setlocale (setlocale.c:337)
==71178==    by 0x40018FF: main (timeout.c:474)
==71178== 
==71178== LEAK SUMMARY:
==71178==    definitely lost: 0 bytes in 0 blocks
==71178==    indirectly lost: 0 bytes in 0 blocks
==71178==      possibly lost: 0 bytes in 0 blocks
==71178==    still reachable: 9,058 bytes in 55 blocks
==71178==         suppressed: 0 bytes in 0 blocks
==71178== 
==71178== ERROR SUMMARY: 0 errors from 0 contexts (suppressed: 0 from 0)
