[Thread debugging using libthread_db enabled]
Using host libthread_db library "/lib64/libthread_db.so.1".
[Detaching after fork from child process 28341]

Program received signal SIGSEGV, Segmentation fault.
0x00000000004039d8 in start_cmd ()
#0  0x00000000004039d8 in start_cmd ()
#1  0x0000000000403d8b in launch_process ()
#2  0x0000000000402c12 in looping ()
#3  0x00000000004029b3 in main ()
rax            0x0                 0
rbx            0x44b640            4503104
rcx            0x7ffff7e3c1f4      140737352286708
rdx            0x7fffffffd714      140737488344852
rsi            0x7fffffffd698      140737488344728
rdi            0x6                 6
rbp            0x7fffffffd6e0      0x7fffffffd6e0
rsp            0x7fffffffd6b0      0x7fffffffd6b0
r8             0x0                 0
r9             0x1                 1
r10            0x0                 0
r11            0x202               514
r12            0x1                 1
r13            0x0                 0
r14            0x7ffff7ffd000      140737354125312
r15            0x40cdf0            4247024
rip            0x4039d8            0x4039d8 <start_cmd+400>
eflags         0x10207             [ CF PF IF RF ]
cs             0x33                51
ss             0x2b                43
ds             0x0                 0
es             0x0                 0
fs             0x0                 0
gs             0x0                 0
fs_base        0x7ffff7d28740      140737351157568
gs_base        0x0                 0
A debugging session is active.

	Inferior 1 [process 28338] will be killed.

Quit anyway? (y or n) [answered Y; input not from terminal]
[Thread debugging using libthread_db enabled]
Using host libthread_db library "/lib64/libthread_db.so.1".
[Detaching after fork from child process 35313]

Program received signal SIGABRT, Aborted.
0x00007ffff7dcc7d4 in __pthread_kill_implementation () from /lib64/libc.so.6
#0  0x00007ffff7dcc7d4 in __pthread_kill_implementation () from /lib64/libc.so.6
#1  0x00007ffff7d733de in raise () from /lib64/libc.so.6
#2  0x00007ffff7d5a942 in abort () from /lib64/libc.so.6
#3  0x00007ffff7d5b9b6 in __libc_message_impl.cold () from /lib64/libc.so.6
#4  0x00007ffff7dd6965 in malloc_printerr () from /lib64/libc.so.6
#5  0x00007ffff7dd8f7f in _int_free () from /lib64/libc.so.6
#6  0x00007ffff7ddb6ce in free () from /lib64/libc.so.6
#7  0x0000000000402611 in free_tokens ()
#8  0x0000000000402d0a in looping ()
#9  0x00000000004029c3 in main ()
rax            0x0                 0
rbx            0x89ee              35310
rcx            0x7ffff7dcc7d4      140737351829460
rdx            0x6                 6
rsi            0x89ee              35310
rdi            0x89ee              35310
rbp            0x7fffffffd460      0x7fffffffd460
rsp            0x7fffffffd420      0x7fffffffd420
r8             0x0                 0
r9             0x7ffff7ffb380      140737354118016
r10            0x8                 8
r11            0x246               582
r12            0x7ffff7d28740      140737351157568
r13            0x7fffffffd5a0      140737488344480
r14            0x6                 6
r15            0x7fffffffd5a0      140737488344480
rip            0x7ffff7dcc7d4      0x7ffff7dcc7d4 <__pthread_kill_implementation+276>
eflags         0x246               [ PF ZF IF ]
cs             0x33                51
ss             0x2b                43
ds             0x0                 0
es             0x0                 0
fs             0x0                 0
gs             0x0                 0
fs_base        0x7ffff7d28740      140737351157568
gs_base        0x0                 0
A debugging session is active.

	Inferior 1 [process 35310] will be killed.

Quit anyway? (y or n) [answered Y; input not from terminal]
[Thread debugging using libthread_db enabled]
Using host libthread_db library "/lib64/libthread_db.so.1".
[Detaching after fork from child process 36500]

Program received signal SIGABRT, Aborted.
0x00007ffff7dcc7d4 in __pthread_kill_implementation () from /lib64/libc.so.6
#0  0x00007ffff7dcc7d4 in __pthread_kill_implementation () from /lib64/libc.so.6
#1  0x00007ffff7d733de in raise () from /lib64/libc.so.6
#2  0x00007ffff7d5a942 in abort () from /lib64/libc.so.6
#3  0x00007ffff7d5b9b6 in __libc_message_impl.cold () from /lib64/libc.so.6
#4  0x00007ffff7dd6965 in malloc_printerr () from /lib64/libc.so.6
#5  0x00007ffff7dd8f7f in _int_free () from /lib64/libc.so.6
#6  0x00007ffff7ddb6ce in free () from /lib64/libc.so.6
#7  0x0000000000402611 in free_tokens ()
#8  0x0000000000402d0a in looping ()
#9  0x00000000004029c3 in main ()
rax            0x0                 0
rbx            0x8e91              36497
rcx            0x7ffff7dcc7d4      140737351829460
rdx            0x6                 6
rsi            0x8e91              36497
rdi            0x8e91              36497
rbp            0x7fffffffd460      0x7fffffffd460
rsp            0x7fffffffd420      0x7fffffffd420
r8             0x0                 0
r9             0x7ffff7ffb380      140737354118016
r10            0x8                 8
r11            0x246               582
r12            0x7ffff7d28740      140737351157568
r13            0x7fffffffd5a0      140737488344480
r14            0x6                 6
r15            0x7fffffffd5a0      140737488344480
rip            0x7ffff7dcc7d4      0x7ffff7dcc7d4 <__pthread_kill_implementation+276>
eflags         0x246               [ PF ZF IF ]
cs             0x33                51
ss             0x2b                43
ds             0x0                 0
es             0x0                 0
fs             0x0                 0
gs             0x0                 0
fs_base        0x7ffff7d28740      140737351157568
gs_base        0x0                 0
A debugging session is active.

	Inferior 1 [process 36497] will be killed.

Quit anyway? (y or n) [answered Y; input not from terminal]
[Thread debugging using libthread_db enabled]
Using host libthread_db library "/lib64/libthread_db.so.1".
[Detaching after fork from child process 39179]

Program received signal SIGABRT, Aborted.
0x00007ffff7dcc7d4 in __pthread_kill_implementation () from /lib64/libc.so.6
#0  0x00007ffff7dcc7d4 in __pthread_kill_implementation () from /lib64/libc.so.6
#1  0x00007ffff7d733de in raise () from /lib64/libc.so.6
#2  0x00007ffff7d5a942 in abort () from /lib64/libc.so.6
#3  0x00007ffff7d5b9b6 in __libc_message_impl.cold () from /lib64/libc.so.6
#4  0x00007ffff7dd6965 in malloc_printerr () from /lib64/libc.so.6
#5  0x00007ffff7dd8f7f in _int_free () from /lib64/libc.so.6
#6  0x00007ffff7ddb6ce in free () from /lib64/libc.so.6
#7  0x00000000004026fa in free_tokens ()
#8  0x0000000000402cc8 in looping ()
#9  0x0000000000402a14 in main ()
rax            0x0                 0
rbx            0x9905              39173
rcx            0x7ffff7dcc7d4      140737351829460
rdx            0x6                 6
rsi            0x9905              39173
rdi            0x9905              39173
rbp            0x7fffffffd480      0x7fffffffd480
rsp            0x7fffffffd440      0x7fffffffd440
r8             0x0                 0
r9             0x7ffff7ffb380      140737354118016
r10            0x8                 8
r11            0x246               582
r12            0x7ffff7d28740      140737351157568
r13            0x7fffffffd5c0      140737488344512
r14            0x6                 6
r15            0x7fffffffd5c0      140737488344512
rip            0x7ffff7dcc7d4      0x7ffff7dcc7d4 <__pthread_kill_implementation+276>
eflags         0x246               [ PF ZF IF ]
cs             0x33                51
ss             0x2b                43
ds             0x0                 0
es             0x0                 0
fs             0x0                 0
gs             0x0                 0
fs_base        0x7ffff7d28740      140737351157568
gs_base        0x0                 0
A debugging session is active.

	Inferior 1 [process 39173] will be killed.

Quit anyway? (y or n) [answered Y; input not from terminal]
[Thread debugging using libthread_db enabled]
Using host libthread_db library "/lib64/libthread_db.so.1".
[Detaching after fork from child process 41124]

Program received signal SIGABRT, Aborted.
0x00007ffff7dcc7d4 in __pthread_kill_implementation () from /lib64/libc.so.6
#0  0x00007ffff7dcc7d4 in __pthread_kill_implementation () from /lib64/libc.so.6
#1  0x00007ffff7d733de in raise () from /lib64/libc.so.6
#2  0x00007ffff7d5a942 in abort () from /lib64/libc.so.6
#3  0x00007ffff7d5b9b6 in __libc_message_impl.cold () from /lib64/libc.so.6
#4  0x00007ffff7dd6965 in malloc_printerr () from /lib64/libc.so.6
#5  0x00007ffff7dd8f7f in _int_free () from /lib64/libc.so.6
#6  0x00007ffff7ddb6ce in free () from /lib64/libc.so.6
#7  0x0000000000402cc7 in looping ()
#8  0x00000000004029f7 in main ()
rax            0x0                 0
rbx            0xa0a1              41121
rcx            0x7ffff7dcc7d4      140737351829460
rdx            0x6                 6
rsi            0xa0a1              41121
rdi            0xa0a1              41121
rbp            0x7fffffffd7e0      0x7fffffffd7e0
rsp            0x7fffffffd7a0      0x7fffffffd7a0
r8             0x0                 0
r9             0x7ffff7ffb380      140737354118016
r10            0x8                 8
r11            0x246               582
r12            0x7ffff7d28740      140737351157568
r13            0x7fffffffd920      140737488345376
r14            0x6                 6
r15            0x7fffffffd920      140737488345376
rip            0x7ffff7dcc7d4      0x7ffff7dcc7d4 <__pthread_kill_implementation+276>
eflags         0x246               [ PF ZF IF ]
cs             0x33                51
ss             0x2b                43
ds             0x0                 0
es             0x0                 0
fs             0x0                 0
gs             0x0                 0
fs_base        0x7ffff7d28740      140737351157568
gs_base        0x0                 0
A debugging session is active.

	Inferior 1 [process 41121] will be killed.

Quit anyway? (y or n) [answered Y; input not from terminal]

This GDB supports auto-downloading debuginfo from the following URLs:
  <https://debuginfod.fedoraproject.org/>
Enable debuginfod for this session? (y or [n]) [answered N; input not from terminal]
Debuginfod has been disabled.
To make this setting permanent, add 'set debuginfod enabled off' to .gdbinit.
[Thread debugging using libthread_db enabled]
Using host libthread_db library "/lib64/libthread_db.so.1".
[Detaching after fork from child process 71415]
[Detaching after fork from child process 71416]
[Detaching after fork from child process 71417]
[Inferior 1 (process 71412) exited with code 01]
gdb_commands.txt:5: Error in sourced command file:
No stack.

This GDB supports auto-downloading debuginfo from the following URLs:
  <https://debuginfod.fedoraproject.org/>
Enable debuginfod for this session? (y or [n]) [answered N; input not from terminal]
Debuginfod has been disabled.
To make this setting permanent, add 'set debuginfod enabled off' to .gdbinit.
[Thread debugging using libthread_db enabled]
Using host libthread_db library "/lib64/libthread_db.so.1".
[Detaching after fork from child process 75027]
[Detaching after fork from child process 75028]
[Detaching after fork from child process 75029]
[Inferior 1 (process 75024) exited with code 01]
gdb_commands.txt:5: Error in sourced command file:
No stack.

This GDB supports auto-downloading debuginfo from the following URLs:
  <https://debuginfod.fedoraproject.org/>
Enable debuginfod for this session? (y or [n]) [answered N; input not from terminal]
Debuginfod has been disabled.
To make this setting permanent, add 'set debuginfod enabled off' to .gdbinit.
[Thread debugging using libthread_db enabled]
Using host libthread_db library "/lib64/libthread_db.so.1".
[Detaching after fork from child process 91707]
[Detaching after fork from child process 91708]
[Detaching after fork from child process 91709]
[Inferior 1 (process 91704) exited with code 01]
gdb_commands.txt:5: Error in sourced command file:
No stack.

This GDB supports auto-downloading debuginfo from the following URLs:
  <https://debuginfod.fedoraproject.org/>
Enable debuginfod for this session? (y or [n]) [answered N; input not from terminal]
Debuginfod has been disabled.
To make this setting permanent, add 'set debuginfod enabled off' to .gdbinit.
[Thread debugging using libthread_db enabled]
Using host libthread_db library "/lib64/libthread_db.so.1".
[Detaching after fork from child process 92995]
[Detaching after fork from child process 92996]
[Detaching after fork from child process 92997]
[Inferior 1 (process 92992) exited with code 01]
gdb_commands.txt:5: Error in sourced command file:
No stack.

This GDB supports auto-downloading debuginfo from the following URLs:
  <https://debuginfod.fedoraproject.org/>
Enable debuginfod for this session? (y or [n]) [answered N; input not from terminal]
Debuginfod has been disabled.
To make this setting permanent, add 'set debuginfod enabled off' to .gdbinit.
[Thread debugging using libthread_db enabled]
Using host libthread_db library "/lib64/libthread_db.so.1".
[Detaching after fork from child process 44523]
[Detaching after fork from child process 44525]
[Detaching after fork from child process 44526]
[Inferior 1 (process 44520) exited with code 01]
gdb_commands.txt:5: Error in sourced command file:
No stack.

This GDB supports auto-downloading debuginfo from the following URLs:
  <https://debuginfod.fedoraproject.org/>
Enable debuginfod for this session? (y or [n]) [answered N; input not from terminal]
Debuginfod has been disabled.
To make this setting permanent, add 'set debuginfod enabled off' to .gdbinit.
[Thread debugging using libthread_db enabled]
Using host libthread_db library "/lib64/libthread_db.so.1".
[Detaching after fork from child process 45977]
[Detaching after fork from child process 45979]
[Detaching after fork from child process 45980]
[Inferior 1 (process 45974) exited with code 01]
gdb_commands.txt:5: Error in sourced command file:
No stack.

This GDB supports auto-downloading debuginfo from the following URLs:
  <https://debuginfod.fedoraproject.org/>
Enable debuginfod for this session? (y or [n]) [answered N; input not from terminal]
Debuginfod has been disabled.
To make this setting permanent, add 'set debuginfod enabled off' to .gdbinit.
[Thread debugging using libthread_db enabled]
Using host libthread_db library "/lib64/libthread_db.so.1".
[Detaching after fork from child process 46897]
[Detaching after fork from child process 46899]
[Detaching after fork from child process 46900]
[Inferior 1 (process 46894) exited with code 01]
gdb_commands.txt:5: Error in sourced command file:
No stack.

This GDB supports auto-downloading debuginfo from the following URLs:
  <https://debuginfod.fedoraproject.org/>
Enable debuginfod for this session? (y or [n]) [answered N; input not from terminal]
Debuginfod has been disabled.
To make this setting permanent, add 'set debuginfod enabled off' to .gdbinit.
[Thread debugging using libthread_db enabled]
Using host libthread_db library "/lib64/libthread_db.so.1".
[Detaching after fork from child process 48435]
[Detaching after fork from child process 48437]
[Detaching after fork from child process 48438]
[Inferior 1 (process 48432) exited with code 01]
gdb_commands.txt:5: Error in sourced command file:
No stack.
[Thread debugging using libthread_db enabled]
Using host libthread_db library "/lib64/libthread_db.so.1".
[Detaching after fork from child process 57111]
[Detaching after fork from child process 57112]
[Detaching after fork from child process 57113]
[Inferior 1 (process 57108) exited normally]
gdb_commands.txt:5: Error in sourced command file:
No stack.
[Thread debugging using libthread_db enabled]
Using host libthread_db library "/lib64/libthread_db.so.1".
[Detaching after fork from child process 61013]
[Detaching after fork from child process 61014]
[Detaching after fork from child process 61015]
[Inferior 1 (process 61010) exited normally]
gdb_commands.txt:5: Error in sourced command file:
No stack.

Program received signal SIGINT, Interrupt.
0x00007ffff7fe2c80 in _start () from /lib64/ld-linux-x86-64.so.2
#0  0x00007ffff7fe2c80 in _start () from /lib64/ld-linux-x86-64.so.2
#1  0x0000000000000001 in ?? ()
#2  0x00007fffffffdd6e in ?? ()
#3  0x0000000000000000 in ?? ()
rax            0x0                 0
rbx            0x0                 0
rcx            0x0                 0
rdx            0x0                 0
rsi            0x0                 0
rdi            0x0                 0
rbp            0x0                 0x0
rsp            0x7fffffffd950      0x7fffffffd950
r8             0x0                 0
r9             0x0                 0
r10            0x0                 0
r11            0x0                 0
r12            0x0                 0
r13            0x0                 0
r14            0x0                 0
r15            0x0                 0
rip            0x7ffff7fe2c80      0x7ffff7fe2c80 <_start>
eflags         0x202               [ IF ]
cs             0x33                51
ss             0x2b                43
ds             0x0                 0
es             0x0                 0
fs             0x0                 0
gs             0x0                 0
fs_base        0x0                 0
gs_base        0x0                 0
A debugging session is active.

	Inferior 1 [process 62713] will be killed.

Quit anyway? (y or n) [answered Y; input not from terminal]
