==28796== Memcheck, a memory error detector
==28796== Copyright (C) 2002-2024, and GNU GPL'd, by Julian Seward et al.
==28796== Using Valgrind-3.25.1-4441567fbe-20250520 and LibVEX; rerun with -h for copyright info
==28796== Command: timeout 15s ./minishell
==28796== Parent PID: 28792
==28796== 
--28796-- 
--28796-- Valgrind options:
--28796--    --tool=memcheck
--28796--    --leak-check=full
--28796--    --show-leak-kinds=all
--28796--    --track-origins=yes
--28796--    --verbose
--28796--    --log-file=.debug_combined/valgrind.log
--28796-- Contents of /proc/version:
--28796--   Linux version 6.15.8-100.fc41.x86_64 (mockbuild@59b7f37a276946098db19d099fc830b6) (gcc (GCC) 14.3.1 20250523 (Red Hat 14.3.1-1), GNU ld version 2.43.1-5.fc41) #1 SMP PREEMPT_DYNAMIC Thu Jul 24 12:25:37 UTC 2025
--28796-- 
--28796-- Arch and hwcaps: AMD64, LittleEndian, amd64-cx16-lzcnt-rdtscp-sse3-ssse3-avx-avx2-bmi-f16c-rdrand-rdseed-fma
--28796-- Page sizes: currently 4096, max supported 4096
--28796-- Valgrind library directory: /usr/libexec/valgrind
--28796-- Reading syms from /usr/bin/timeout
--28796-- Reading syms from /usr/lib64/ld-linux-x86-64.so.2
--28796-- Warning: cross-CU LIMITATION: some inlined fn names
--28796-- might be shown as UnknownInlinedFun
--28796-- Reading syms from /usr/libexec/valgrind/memcheck-amd64-linux
--28796--    object doesn't have a dynamic symbol table
--28796-- Scheduler: using generic scheduler lock implementation.
--28796-- Reading suppressions file: /usr/libexec/valgrind/default.supp
==28796== embedded gdbserver: reading from /tmp/vgdb-pipe-from-vgdb-to-28796-by-kiefer-on-desktop-5kn91go.home
==28796== embedded gdbserver: writing to   /tmp/vgdb-pipe-to-vgdb-from-28796-by-kiefer-on-desktop-5kn91go.home
==28796== embedded gdbserver: shared mem   /tmp/vgdb-pipe-shared-mem-vgdb-28796-by-kiefer-on-desktop-5kn91go.home
==28796== 
==28796== TO CONTROL THIS PROCESS USING vgdb (which you probably
==28796== don't want to do, unless you know exactly what you're doing,
==28796== or are doing some strange experiment):
==28796==   /usr/libexec/valgrind/../../bin/vgdb --pid=28796 ...command...
==28796== 
==28796== TO DEBUG THIS PROCESS USING GDB: start GDB like this
==28796==   /path/to/gdb timeout
==28796== and then give GDB the following command
==28796==   target remote | /usr/libexec/valgrind/../../bin/vgdb --pid=28796
==28796== --pid is optional if only one valgrind process is running
==28796== 
==28796== Downloading debug info for /usr/libexec/valgrind/memcheck-amd64-linux...
--28796--   Considering /home/kiefer/.cache/debuginfod_client/9ab5aeea7f89a025bb34d01c42449dc692996f61/debuginfo ..
--28796--   .. CRC is valid
==28796== Successfully downloaded debug file for /usr/libexec/valgrind/memcheck-amd64-linux
==28796== Downloading debug info for /home/kiefer/.cache/debuginfod_client/9ab5aeea7f89a025bb34d01c42449dc692996f61/debuginfo...
--28796--   Considering /home/kiefer/.cache/debuginfod_client/7eb32a56150be12c16d214a711baac7f564521fc/debuginfo ..
--28796--   .. build-id is valid
==28796== Successfully downloaded debug file for /home/kiefer/.cache/debuginfod_client/9ab5aeea7f89a025bb34d01c42449dc692996f61/debuginfo
--28796-- REDIR: 0x4032020 (ld-linux-x86-64.so.2:strlen) redirected to 0x582360cf (vgPlain_amd64_linux_REDIR_FOR_strlen)
--28796-- REDIR: 0x40309c0 (ld-linux-x86-64.so.2:strcmp) redirected to 0x582360e9 (vgPlain_amd64_linux_REDIR_FOR_strcmp)
--28796-- REDIR: 0x4030790 (ld-linux-x86-64.so.2:index) redirected to 0x58236122 (vgPlain_amd64_linux_REDIR_FOR_index)
--28796-- REDIR: 0x402fb20 (ld-linux-x86-64.so.2:bcmp) redirected to 0x58236104 (vgPlain_amd64_linux_REDIR_FOR_memcmp)
--28796-- Reading syms from /usr/libexec/valgrind/vgpreload_core-amd64-linux.so
--28796-- Reading syms from /usr/libexec/valgrind/vgpreload_memcheck-amd64-linux.so
==28796== WARNING: new redirection conflicts with existing -- ignoring it
--28796--     old: 0x040309c0 (strcmp              ) R-> (0000.0) 0x582360e9 vgPlain_amd64_linux_REDIR_FOR_strcmp
--28796--     new: 0x040309c0 (strcmp              ) R-> (2016.0) 0x04857550 strcmp
==28796== WARNING: new redirection conflicts with existing -- ignoring it
--28796--     old: 0x04032020 (strlen              ) R-> (0000.0) 0x582360cf vgPlain_amd64_linux_REDIR_FOR_strlen
--28796--     new: 0x04032020 (strlen              ) R-> (2007.0) 0x04856200 strlen
--28796-- REDIR: 0x402fdf0 (ld-linux-x86-64.so.2:mempcpy) redirected to 0x485bca0 (mempcpy)
--28796-- Reading syms from /usr/lib64/libc.so.6
==28796== Downloading debug info for /usr/lib64/libc.so.6...
--28796--   Considering /home/kiefer/.cache/debuginfod_client/1fe4f71c184938b1af3656d8b8cdb4928ab12394/debuginfo ..
--28796--   .. CRC is valid
==28796== Successfully downloaded debug file for /usr/lib64/libc.so.6
--28796-- REDIR: 0x40321c0 (ld-linux-x86-64.so.2:strncmp) redirected to 0x4856d00 (strncmp)
--28796-- REDIR: 0x4906ad0 (libc.so.6:strnlen) redirected to 0x48451ea (_vgnU_ifunc_wrapper)
--28796-- REDIR: 0x4906b60 (libc.so.6:strpbrk) redirected to 0x48451ea (_vgnU_ifunc_wrapper)
--28796-- REDIR: 0x4904ad0 (libc.so.6:strcmp) redirected to 0x48451ea (_vgnU_ifunc_wrapper)
--28796-- REDIR: 0x491bea0 (libc.so.6:wcsnlen) redirected to 0x48451ea (_vgnU_ifunc_wrapper)
--28796-- REDIR: 0x4903ad0 (libc.so.6:memset) redirected to 0x48451ea (_vgnU_ifunc_wrapper)
--28796-- REDIR: 0x491b590 (libc.so.6:wcslen) redirected to 0x48451ea (_vgnU_ifunc_wrapper)
--28796-- REDIR: 0x497f2d0 (libc.so.6:__memcpy_chk) redirected to 0x48451ea (_vgnU_ifunc_wrapper)
--28796-- REDIR: 0x4903a40 (libc.so.6:memrchr) redirected to 0x48451ea (_vgnU_ifunc_wrapper)
--28796-- REDIR: 0x491be40 (libc.so.6:wcsncpy) redirected to 0x48451ea (_vgnU_ifunc_wrapper)
--28796-- REDIR: 0x4902f60 (libc.so.6:memcpy@@GLIBC_2.14) redirected to 0x48451ea (_vgnU_ifunc_wrapper)
--28796-- REDIR: 0x491a370 (libc.so.6:wcschr) redirected to 0x48451ea (_vgnU_ifunc_wrapper)
--28796-- REDIR: 0x49049c0 (libc.so.6:index) redirected to 0x48451ea (_vgnU_ifunc_wrapper)
--28796-- REDIR: 0x4906b90 (libc.so.6:rindex) redirected to 0x48451ea (_vgnU_ifunc_wrapper)
--28796-- REDIR: 0x491a420 (libc.so.6:wcscmp) redirected to 0x48451ea (_vgnU_ifunc_wrapper)
--28796-- REDIR: 0x4903cf0 (libc.so.6:stpncpy) redirected to 0x48451ea (_vgnU_ifunc_wrapper)
--28796-- REDIR: 0x4928160 (libc.so.6:wmemchr) redirected to 0x48451ea (_vgnU_ifunc_wrapper)
--28796-- REDIR: 0x4906970 (libc.so.6:strncmp) redirected to 0x48451ea (_vgnU_ifunc_wrapper)
--28796-- REDIR: 0x4903d50 (libc.so.6:strcasecmp) redirected to 0x48451ea (_vgnU_ifunc_wrapper)
--28796-- REDIR: 0x4905d50 (libc.so.6:strcspn) redirected to 0x48451ea (_vgnU_ifunc_wrapper)
--28796-- REDIR: 0x491b360 (libc.so.6:wcscpy) redirected to 0x48451ea (_vgnU_ifunc_wrapper)
--28796-- REDIR: 0x4904950 (libc.so.6:strcat) redirected to 0x48451ea (_vgnU_ifunc_wrapper)
--28796-- REDIR: 0x4906870 (libc.so.6:strncasecmp_l) redirected to 0x48451ea (_vgnU_ifunc_wrapper)
--28796-- REDIR: 0x4904a40 (libc.so.6:strchrnul) redirected to 0x48451ea (_vgnU_ifunc_wrapper)
--28796-- REDIR: 0x4902e70 (libc.so.6:bcmp) redirected to 0x48451ea (_vgnU_ifunc_wrapper)
--28796-- REDIR: 0x4905ce0 (libc.so.6:strcpy) redirected to 0x48451ea (_vgnU_ifunc_wrapper)
--28796-- REDIR: 0x4903df0 (libc.so.6:strcasecmp_l) redirected to 0x48451ea (_vgnU_ifunc_wrapper)
--28796-- REDIR: 0x4906740 (libc.so.6:strlen) redirected to 0x48451ea (_vgnU_ifunc_wrapper)
--28796-- REDIR: 0x4906a10 (libc.so.6:strncpy) redirected to 0x48451ea (_vgnU_ifunc_wrapper)
--28796-- REDIR: 0x49281e0 (libc.so.6:wmemcmp) redirected to 0x48451ea (_vgnU_ifunc_wrapper)
--28796-- REDIR: 0x497f3f0 (libc.so.6:__memmove_chk) redirected to 0x48451ea (_vgnU_ifunc_wrapper)
==28796== WARNING: new redirection conflicts with existing -- ignoring it
--28796--     old: 0x049c5150 (__memcpy_chk_avx_una) R-> (2030.0) 0x0485bdb0 __memcpy_chk
--28796--     new: 0x049c5150 (__memcpy_chk_avx_una) R-> (2024.0) 0x0485b6b0 __memmove_chk
--28796-- REDIR: 0x4903c80 (libc.so.6:stpcpy) redirected to 0x48451ea (_vgnU_ifunc_wrapper)
--28796-- REDIR: 0x4903800 (libc.so.6:memmove) redirected to 0x48451ea (_vgnU_ifunc_wrapper)
==28796== Preferring higher priority redirection:
--28796--     old: 0x049c5180 (__memcpy_avx_unalign) R-> (2018.0) 0x04858c20 __memcpy_avx_unaligned_erms
--28796--     new: 0x049c5180 (__memcpy_avx_unalign) R-> (2018.1) 0x0485a9b0 memmove
--28796-- REDIR: 0x4902df0 (libc.so.6:memchr) redirected to 0x48451ea (_vgnU_ifunc_wrapper)
--28796-- REDIR: 0x4906d90 (libc.so.6:strspn) redirected to 0x48451ea (_vgnU_ifunc_wrapper)
--28796-- REDIR: 0x4919fa0 (libc.so.6:wcpncpy) redirected to 0x48451ea (_vgnU_ifunc_wrapper)
--28796-- REDIR: 0x4903920 (libc.so.6:mempcpy) redirected to 0x48451ea (_vgnU_ifunc_wrapper)
--28796-- REDIR: 0x49067d0 (libc.so.6:strncasecmp) redirected to 0x48451ea (_vgnU_ifunc_wrapper)
--28796-- REDIR: 0x49c9db0 (libc.so.6:__strrchr_avx2) redirected to 0x48559e0 (rindex)
--28796-- REDIR: 0x49c7750 (libc.so.6:__strcmp_avx2) redirected to 0x48573d0 (strcmp)
--28796-- REDIR: 0x49c7f00 (libc.so.6:__strlen_avx2) redirected to 0x48560e0 (strlen)
--28796-- REDIR: 0x49c8fe0 (libc.so.6:__strncmp_avx2) redirected to 0x4856b20 (strncmp)
--28796-- REDIR: 0x49c7320 (libc.so.6:__strchr_avx2) redirected to 0x4855c20 (index)
--28796-- REDIR: 0x49c4780 (libc.so.6:__memchr_avx2) redirected to 0x4857610 (memchr)
--28796-- REDIR: 0x49c7560 (libc.so.6:__strchrnul_avx2) redirected to 0x485b730 (strchrnul)
--28796-- REDIR: 0x48fef50 (libc.so.6:malloc) redirected to 0x484c7f0 (malloc)
==28796== Downloading debug info for /usr/bin/timeout...
--28796--   Considering /home/kiefer/.cache/debuginfod_client/5e420182b34328f111cbfcd1fcb70915ba33dd9f/debuginfo ..
--28796--   .. CRC is valid
==28796== Successfully downloaded debug file for /usr/bin/timeout
==28796== Downloading debug info for /home/kiefer/.cache/debuginfod_client/5e420182b34328f111cbfcd1fcb70915ba33dd9f/debuginfo...
--28796--   Considering /home/kiefer/.cache/debuginfod_client/d2339c1c16539d48d65b2cf62b78c3ddc4db8ed3/debuginfo ..
--28796--   .. build-id is valid
==28796== Successfully downloaded debug file for /home/kiefer/.cache/debuginfod_client/5e420182b34328f111cbfcd1fcb70915ba33dd9f/debuginfo
--28796-- REDIR: 0x49c5140 (libc.so.6:__mempcpy_avx_unaligned_erms) redirected to 0x485b860 (mempcpy)
--28796-- REDIR: 0x49c5180 (libc.so.6:__memcpy_avx_unaligned_erms) redirected to 0x485a9b0 (memmove)
--28796-- REDIR: 0x48ff650 (libc.so.6:free) redirected to 0x484fb11 (free)
--28796-- REDIR: 0x49c5150 (libc.so.6:__memcpy_chk_avx_unaligned_erms) redirected to 0x485bdb0 (__memcpy_chk)
==28796== 
==28796== HEAP SUMMARY:
==28796==     in use at exit: 0 bytes in 0 blocks
==28796==   total heap usage: 30 allocs, 30 frees, 3,993 bytes allocated
==28796== 
==28796== All heap blocks were freed -- no leaks are possible
==28796== 
==28796== ERROR SUMMARY: 0 errors from 0 contexts (suppressed: 0 from 0)
